{
"contracts\\Raffle.sol":{"l":{"62":3,"63":3,"64":3,"65":3,"66":3,"67":3,"68":3,"69":3,"74":5,"75":1,"77":4,"78":1,"80":3,"83":3,"105":1,"106":1,"107":1,"108":1,"109":1,"110":1,"117":1,"118":1,"119":0,"130":1,"131":1,"138":1,"145":0,"146":0,"147":0,"148":0,"149":0,"150":0,"151":0,"152":0,"153":0,"155":0,"161":1,"165":0,"169":0,"173":0,"177":1,"181":0,"185":5,"189":5,"193":0},"path":"C:\\Users\\User\\Documents\\GitHub\\Blockchain\\Ethereum\\Smart-Lottery dApp\\contracts\\Raffle.sol","s":{"1":5,"2":4,"3":3,"4":3,"5":1,"6":1,"7":1,"8":1,"9":1,"10":1,"11":1,"12":1,"13":1,"14":0,"15":0,"16":0,"17":0,"18":0,"19":1,"20":0,"21":0,"22":0,"23":1,"24":0,"25":5,"26":5,"27":0},"b":{"1":[1,4],"2":[1,3],"3":[0,1],"4":[0,0]},"f":{"1":3,"2":5,"3":1,"4":1,"5":0,"6":1,"7":0,"8":0,"9":0,"10":1,"11":0,"12":5,"13":5,"14":0},"fnMap":{"1":{"name":"constructor","line":61,"loc":{"start":{"line":54,"column":4},"end":{"line":70,"column":4}}},"2":{"name":"enterRaffle","line":73,"loc":{"start":{"line":73,"column":4},"end":{"line":84,"column":4}}},"3":{"name":"checkUpkeep","line":95,"loc":{"start":{"line":95,"column":4},"end":{"line":111,"column":4}}},"4":{"name":"performUpkeep","line":114,"loc":{"start":{"line":114,"column":4},"end":{"line":139,"column":4}}},"5":{"name":"fulfillRandomWords","line":141,"loc":{"start":{"line":141,"column":4},"end":{"line":156,"column":4}}},"6":{"name":"getRaffleState","line":160,"loc":{"start":{"line":160,"column":4},"end":{"line":162,"column":4}}},"7":{"name":"getNumWords","line":164,"loc":{"start":{"line":164,"column":4},"end":{"line":166,"column":4}}},"8":{"name":"getRequestConfirmations","line":168,"loc":{"start":{"line":168,"column":4},"end":{"line":170,"column":4}}},"9":{"name":"getRecentWinner","line":172,"loc":{"start":{"line":172,"column":4},"end":{"line":174,"column":4}}},"10":{"name":"getPlayer","line":176,"loc":{"start":{"line":176,"column":4},"end":{"line":178,"column":4}}},"11":{"name":"getLastTimeStamp","line":180,"loc":{"start":{"line":180,"column":4},"end":{"line":182,"column":4}}},"12":{"name":"getInterval","line":184,"loc":{"start":{"line":184,"column":4},"end":{"line":186,"column":4}}},"13":{"name":"getEntranceFee","line":188,"loc":{"start":{"line":188,"column":4},"end":{"line":190,"column":4}}},"14":{"name":"getNumberOfPlayers","line":192,"loc":{"start":{"line":192,"column":4},"end":{"line":194,"column":4}}}},"statementMap":{"1":{"start":{"line":74,"column":8},"end":{"line":74,"column":2729}},"2":{"start":{"line":77,"column":8},"end":{"line":77,"column":2833}},"3":{"start":{"line":80,"column":8},"end":{"line":80,"column":42}},"4":{"start":{"line":83,"column":8},"end":{"line":83,"column":36}},"5":{"start":{"line":105,"column":8},"end":{"line":105,"column":57}},"6":{"start":{"line":106,"column":8},"end":{"line":106,"column":76}},"7":{"start":{"line":107,"column":8},"end":{"line":107,"column":48}},"8":{"start":{"line":108,"column":8},"end":{"line":108,"column":51}},"9":{"start":{"line":110,"column":8},"end":{"line":110,"column":36}},"10":{"start":{"line":117,"column":8},"end":{"line":117,"column":47}},"11":{"start":{"line":118,"column":8},"end":{"line":118,"column":4563}},"12":{"start":{"line":131,"column":8},"end":{"line":131,"column":5076}},"13":{"start":{"line":138,"column":8},"end":{"line":138,"column":45}},"14":{"start":{"line":145,"column":8},"end":{"line":145,"column":65}},"15":{"start":{"line":146,"column":8},"end":{"line":146,"column":63}},"16":{"start":{"line":151,"column":8},"end":{"line":151,"column":78}},"17":{"start":{"line":152,"column":8},"end":{"line":152,"column":5877}},"18":{"start":{"line":155,"column":8},"end":{"line":155,"column":39}},"19":{"start":{"line":161,"column":8},"end":{"line":161,"column":28}},"20":{"start":{"line":165,"column":8},"end":{"line":165,"column":24}},"21":{"start":{"line":169,"column":8},"end":{"line":169,"column":36}},"22":{"start":{"line":173,"column":8},"end":{"line":173,"column":29}},"23":{"start":{"line":177,"column":8},"end":{"line":177,"column":31}},"24":{"start":{"line":181,"column":8},"end":{"line":181,"column":30}},"25":{"start":{"line":185,"column":8},"end":{"line":185,"column":25}},"26":{"start":{"line":189,"column":8},"end":{"line":189,"column":28}},"27":{"start":{"line":193,"column":8},"end":{"line":193,"column":31}}},"branchMap":{"1":{"line":74,"type":"if","locations":[{"start":{"line":74,"column":8},"end":{"line":74,"column":8}},{"start":{"line":74,"column":8},"end":{"line":74,"column":8}}]},"2":{"line":77,"type":"if","locations":[{"start":{"line":77,"column":8},"end":{"line":77,"column":8}},{"start":{"line":77,"column":8},"end":{"line":77,"column":8}}]},"3":{"line":118,"type":"if","locations":[{"start":{"line":118,"column":8},"end":{"line":118,"column":8}},{"start":{"line":118,"column":8},"end":{"line":118,"column":8}}]},"4":{"line":152,"type":"if","locations":[{"start":{"line":152,"column":8},"end":{"line":152,"column":8}},{"start":{"line":152,"column":8},"end":{"line":152,"column":8}}]}}},
"contracts\\test\\VRFCoordinatorV2Mock.sol":{"l":{},"path":"C:\\Users\\User\\Documents\\GitHub\\Blockchain\\Ethereum\\Smart-Lottery dApp\\contracts\\test\\VRFCoordinatorV2Mock.sol","s":{},"b":{},"f":{},"fnMap":{},"statementMap":{},"branchMap":{}}}
