TN:
SF:C:\Users\User\Documents\GitHub\Blockchain\Ethereum\Smart-Lottery dApp\contracts\Raffle.sol
FN:61,constructor
FN:73,enterRaffle
FN:95,checkUpkeep
FN:114,performUpkeep
FN:141,fulfillRandomWords
FN:160,getRaffleState
FN:164,getNumWords
FN:168,getRequestConfirmations
FN:172,getRecentWinner
FN:176,getPlayer
FN:180,getLastTimeStamp
FN:184,getInterval
FN:188,getEntranceFee
FN:192,getNumberOfPlayers
FNF:14
FNH:8
FNDA:3,constructor
FNDA:5,enterRaffle
FNDA:1,checkUpkeep
FNDA:1,performUpkeep
FNDA:0,fulfillRandomWords
FNDA:1,getRaffleState
FNDA:0,getNumWords
FNDA:0,getRequestConfirmations
FNDA:0,getRecentWinner
FNDA:1,getPlayer
FNDA:0,getLastTimeStamp
FNDA:5,getInterval
FNDA:5,getEntranceFee
FNDA:0,getNumberOfPlayers
DA:62,3
DA:63,3
DA:64,3
DA:65,3
DA:66,3
DA:67,3
DA:68,3
DA:69,3
DA:74,5
DA:75,1
DA:77,4
DA:78,1
DA:80,3
DA:83,3
DA:105,1
DA:106,1
DA:107,1
DA:108,1
DA:109,1
DA:110,1
DA:117,1
DA:118,1
DA:119,0
DA:130,1
DA:131,1
DA:138,1
DA:145,0
DA:146,0
DA:147,0
DA:148,0
DA:149,0
DA:150,0
DA:151,0
DA:152,0
DA:153,0
DA:155,0
DA:161,1
DA:165,0
DA:169,0
DA:173,0
DA:177,1
DA:181,0
DA:185,5
DA:189,5
DA:193,0
LF:45
LH:29
BRDA:74,1,0,1
BRDA:74,1,1,4
BRDA:77,2,0,1
BRDA:77,2,1,3
BRDA:118,3,0,0
BRDA:118,3,1,1
BRDA:152,4,0,0
BRDA:152,4,1,0
BRF:8
BRH:5
end_of_record
TN:
SF:C:\Users\User\Documents\GitHub\Blockchain\Ethereum\Smart-Lottery dApp\contracts\test\VRFCoordinatorV2Mock.sol
FNF:0
FNH:0
LF:0
LH:0
BRF:0
BRH:0
end_of_record
